Arguments: 
  C:\Program Files\nodejs\node.exe C:\Program Files (x86)\Yarn\bin\yarn.js add express mongoose nodemon socket.io

PATH: 
  C:\Users\Daniel\bin;C:\Program Files\Git\mingw64\bin;C:\Program Files\Git\usr\local\bin;C:\Program Files\Git\usr\bin;C:\Program Files\Git\usr\bin;C:\Program Files\Git\mingw64\bin;C:\Program Files\Git\usr\bin;C:\Users\Daniel\bin;C:\Program Files (x86)\Common Files\Oracle\Java\javapath;C:\WINDOWS\system32;C:\WINDOWS;C:\WINDOWS\System32\Wbem;C:\WINDOWS\System32\WindowsPowerShell\v1.0;C:\WINDOWS\System32\OpenSSH;C:\Program Files (x86)\Intel\Intel(R) Management Engine Components\DAL;C:\Program Files\Intel\Intel(R) Management Engine Components\DAL;C:\Program Files\nodejs;C:\Program Files\Git\cmd;C:\Program Files (x86)\WiX Toolset v3.11\bin;C:\Program Files\PuTTY;C:\Program Files (x86)\Yarn\bin;C:\Program Files\Docker\Docker\resources\bin;C:\ProgramData\DockerDesktop\version-bin;C:\Users\Daniel\AppData\Roaming\.dotnet;C:\Ruby27-x64\bin;C:\Users\Daniel\AppData\Local\Microsoft\WindowsApps;C:\Users\Daniel\AppData\Local\Programs\Microsoft VS Code\bin;C:\Program Files (x86)\Sophos\Sophos SSL VPN Client\bin;C:\Users\Daniel\AppData\Roaming\npm;C:\Users\Daniel\.dotnet\tools;C:\Users\Daniel\AppData\Local\Programs\mongosh;C:\Users\Daniel\Documents\flutter\bin;C:\Program Files\Android\Android Studio\jre\bin;C:\Program Files\Git\usr\bin\vendor_perl;C:\Program Files\Git\usr\bin\core_perl

Yarn version: 
  1.22.19

Node version: 
  16.15.0

Platform: 
  win32 x64

Trace: 
  SyntaxError: C:\Users\Daniel\Desktop\code\turnt_chat\package.json: Unexpected token } in JSON at position 131
      at JSON.parse (<anonymous>)
      at C:\Program Files (x86)\Yarn\lib\cli.js:1629:59
      at Generator.next (<anonymous>)
      at step (C:\Program Files (x86)\Yarn\lib\cli.js:310:30)
      at C:\Program Files (x86)\Yarn\lib\cli.js:321:13

npm manifest: 
  {
    "name": "turnt_chat",
    "version": "1.0.0",
    "main": "index.js",
    "license": "MIT",
    "scripts": {
      "dev": "nodemon"
    },
  }

yarn manifest: 
  No manifest

Lockfile: 
  No lockfile
